[debug] [2025-06-18T21:43:26.927Z] ----------------------------------------------------------------------
[debug] [2025-06-18T21:43:26.938Z] Command:       C:\Program Files\nodejs\node.exe C:\Users\luiz\AppData\Roaming\npm\node_modules\firebase-tools\lib\bin\firebase.js init functions
[debug] [2025-06-18T21:43:26.940Z] CLI Version:   14.2.1
[debug] [2025-06-18T21:43:26.940Z] Platform:      win32
[debug] [2025-06-18T21:43:26.940Z] Node Version:  v22.15.0
[debug] [2025-06-18T21:43:26.941Z] Time:          Wed Jun 18 2025 18:43:26 GMT-0300 (Horário Padrão de Brasília)
[debug] [2025-06-18T21:43:26.941Z] ----------------------------------------------------------------------
[debug] 
[debug] [2025-06-18T21:43:26.957Z] >>> [apiv2][query] GET https://firebase-public.firebaseio.com/cli.json [none]
[debug] [2025-06-18T21:43:27.229Z] > command requires scopes: ["email","openid","https://www.googleapis.com/auth/cloudplatformprojects.readonly","https://www.googleapis.com/auth/firebase","https://www.googleapis.com/auth/cloud-platform"]
[debug] [2025-06-18T21:43:27.230Z] > authorizing via signed-in user (luiztesteapp5@gmail.com)
[info] 
     ######## #### ########  ######## ########     ###     ######  ########
     ##        ##  ##     ## ##       ##     ##  ##   ##  ##       ##
     ######    ##  ########  ######   ########  #########  ######  ######
     ##        ##  ##    ##  ##       ##     ## ##     ##       ## ##
     ##       #### ##     ## ######## ########  ##     ##  ######  ########

You're about to initialize a Firebase project in this directory:

  C:\Users\luiz\Desktop\Atbuilt-deploy

[debug] [2025-06-18T21:43:27.790Z] <<< [apiv2][status] GET https://firebase-public.firebaseio.com/cli.json 200
[debug] [2025-06-18T21:43:27.790Z] <<< [apiv2][body] GET https://firebase-public.firebaseio.com/cli.json {"cloudBuildErrorAfter":1594252800000,"cloudBuildWarnAfter":1590019200000,"defaultNode10After":1594252800000,"minVersion":"3.0.5","node8DeploysDisabledAfter":1613390400000,"node8RuntimeDisabledAfter":1615809600000,"node8WarnAfter":1600128000000}
[info] 
=== Project Setup
[info] 
[info] First, let's associate this project directory with a Firebase project.
[info] You can create multiple project aliases by running firebase use --add, 
[info] but for now we'll just set up a default project.
[info] 
[debug] [2025-06-18T21:44:22.402Z] Checked if tokens are valid: false, expires at: 1749771187535
[debug] [2025-06-18T21:44:22.403Z] Checked if tokens are valid: false, expires at: 1749771187535
[debug] [2025-06-18T21:44:22.404Z] > refreshing access token with scopes: []
[debug] [2025-06-18T21:44:22.407Z] >>> [apiv2][query] POST https://www.googleapis.com/oauth2/v3/token [none]
[debug] [2025-06-18T21:44:22.407Z] >>> [apiv2][body] POST https://www.googleapis.com/oauth2/v3/token [omitted]
[debug] [2025-06-18T21:44:22.778Z] <<< [apiv2][status] POST https://www.googleapis.com/oauth2/v3/token 200
[debug] [2025-06-18T21:44:22.778Z] <<< [apiv2][body] POST https://www.googleapis.com/oauth2/v3/token [omitted]
[debug] [2025-06-18T21:44:22.795Z] >>> [apiv2][query] GET https://firebase.googleapis.com/v1beta1/projects pageSize=100
[debug] [2025-06-18T21:44:23.751Z] <<< [apiv2][status] GET https://firebase.googleapis.com/v1beta1/projects 200
[debug] [2025-06-18T21:44:23.752Z] <<< [apiv2][body] GET https://firebase.googleapis.com/v1beta1/projects [omitted]
